<?xml version="1.0" encoding="UTF-8"?>
<!-- Generated by org.testng.reporters.JUnitReportReporter -->
<testsuite hostname="LP-5CG04116JD" failures="0" tests="1" name="automationTests.Selenium" time="35.793" errors="0" timestamp="2023-01-19T13:59:00 IST" skipped="0">
  <testcase classname="automationTests.Selenium" name="testAddToCart" time="35.793"/>
  <system-out/>
</testsuite> <!-- automationTests.Selenium -->
