<?xml version="1.0" encoding="UTF-8"?>
<!-- Generated by org.testng.reporters.JUnitReportReporter -->
<testsuite hostname="LP-5CG04116JD" failures="0" tests="1" name="automationTests.Selenium" time="19.407" errors="0" timestamp="2023-01-18T08:50:18 IST" skipped="0">
  <testcase classname="automationTests.Selenium" name="testAddToCart" time="19.407"/>
  <system-out/>
</testsuite> <!-- automationTests.Selenium -->
