<?xml version="1.0" encoding="UTF-8"?>
<!-- Generated by org.testng.reporters.JUnitReportReporter -->
<testsuite hostname="LP-5CG04116JD" failures="0" tests="2" name="automationTests.CrossBrowserTest" time="148.598" errors="0" timestamp="2023-01-17T11:32:34 IST" skipped="0">
  <testcase classname="automationTests.CrossBrowserTest" name="testAddToCart" time="68.951"/>
  <system-out/>
  <testcase classname="automationTests.CrossBrowserTest" name="testAddToCart" time="79.647"/>
  <system-out/>
</testsuite> <!-- automationTests.CrossBrowserTest -->
