<?xml version="1.0" encoding="UTF-8"?>
<!-- Generated by org.testng.reporters.JUnitReportReporter -->
<testsuite hostname="LP-5CG04116JD" failures="0" tests="1" name="Group2.CrossBrowserTest" time="137.322" errors="0" timestamp="2023-01-08T22:59:31 IST" skipped="0">
  <testcase classname="Group2.CrossBrowserTest" name="testAddToCart" time="137.322"/>
  <system-out/>
</testsuite> <!-- Group2.CrossBrowserTest -->
