<?xml version="1.0" encoding="UTF-8"?>
<!-- Generated by org.testng.reporters.JUnitReportReporter -->
<testsuite hostname="LP-5CG04116JD" failures="0" tests="1" name="TestCases.FlipkartPage" time="40.066" errors="0" timestamp="2023-01-18T08:33:00 IST" skipped="0">
  <testcase classname="TestCases.FlipkartPage" name="FlipkartPageTest" time="40.066"/>
  <system-out/>
</testsuite> <!-- TestCases.FlipkartPage -->
