<?xml version="1.0" encoding="UTF-8"?>
<!-- Generated by org.testng.reporters.JUnitReportReporter -->
<testsuite hostname="LP-5CG04116JD" failures="0" tests="1" name="Group2.Selenium" time="135.433" errors="0" timestamp="2023-01-08T22:56:39 IST" skipped="0">
  <testcase classname="Group2.Selenium" name="testAddToCart" time="135.433"/>
  <system-out/>
</testsuite> <!-- Group2.Selenium -->
