<?xml version="1.0" encoding="UTF-8"?>
<!-- Generated by org.testng.reporters.JUnitReportReporter -->
<testsuite hostname="LP-5CG04116JD" failures="0" tests="1" name="crossBrowsers.CrossBrowserTest" time="65.033" errors="0" timestamp="2023-01-08T23:03:10 IST" skipped="0">
  <testcase classname="crossBrowsers.CrossBrowserTest" name="testAddToCart" time="65.033"/>
  <system-out/>
</testsuite> <!-- crossBrowsers.CrossBrowserTest -->
